<?xml version="1.0" encoding="utf-8"?><testsuites name="pytest tests"><testsuite name="pytest" errors="0" failures="0" skipped="0" tests="10" time="19.046" timestamp="2026-08-11T11:24:57.854249+00:00" hostname="agent-env-e90f3caf-674c-4fd0-b5d9-25bcee1389c6"><testcase classname="tests.backend_test.TestPredict" name="test_honeycomb_baseline_calibration" time="2.315" /><testcase classname="tests.backend_test.TestRecommend" name="test_recommend_returns_valid_shape[max_stiffness]" time="8.309" /><testcase classname="tests.backend_test.TestPredict" name="test_pattern_ordering_stiffness_and_damping" time="0.172" /><testcase classname="tests.backend_test.TestPredict" name="test_hemp_increases_damping_and_lowers_stiffness" time="0.084" /><testcase classname="tests.backend_test.TestPredict" name="test_predict_clamps_out_of_range" time="0.044" /><testcase classname="tests.backend_test.TestPatterns" name="test_patterns_returns_all_four" time="0.042" /><testcase classname="tests.backend_test.TestCandidates" name="test_full_crud_flow" time="0.194" /><testcase classname="tests.backend_test.TestRecommend" name="test_recommend_returns_valid_shape[max_damping]" time="3.688" /><testcase classname="tests.backend_test.TestRecommend" name="test_recommend_returns_valid_shape[balanced]" time="2.958" /><testcase classname="tests.backend_test.TestRecommend" name="test_recommend_max_damping_prefers_high_damping" time="3.580" /></testsuite></testsuites>